TN:a_out
SF:/home/peter/TopSin/Project1/data_structure.c
FN:64,get_input
FN:80,stack_create
FN:86,stack_count_elem
FN:92,stack_push
FN:111,stack_display
FN:129,stack_pop
FN:147,stack_topelement
FN:153,stack_empty
FN:162,stack_destroy
FN:180,test_stack
FN:242,q_create
FN:248,queuesize
FN:254,q_enq
FN:276,q_display
FN:295,q_deq
FN:323,q_frontelement
FN:332,q_empty
FN:340,test_queue
FN:393,dll_create
FN:407,insert1
FN:425,insert2
FN:443,insert3
FN:484,delete
FN:538,traversebeg
FN:558,traverseend
FN:570,search
FN:597,update
FN:628,sort
FN:656,test_dll
FN:725,main
FNDA:626,get_input
FNDA:17,stack_create
FNDA:9,stack_count_elem
FNDA:26,stack_push
FNDA:17,stack_display
FNDA:9,stack_pop
FNDA:10,stack_topelement
FNDA:9,stack_empty
FNDA:8,stack_destroy
FNDA:17,test_stack
FNDA:15,q_create
FNDA:15,queuesize
FNDA:37,q_enq
FNDA:15,q_display
FNDA:39,q_deq
FNDA:28,q_frontelement
FNDA:24,q_empty
FNDA:15,test_queue
FNDA:35,dll_create
FNDA:10,insert1
FNDA:17,insert2
FNDA:16,insert3
FNDA:12,delete
FNDA:28,traversebeg
FNDA:32,traverseend
FNDA:9,search
FNDA:12,update
FNDA:12,sort
FNDA:9,test_dll
FNDA:41,main
FNF:30
FNH:30
BRDA:67,1,1,591
BRDA:67,1,2,75
BRDA:68,0,0,40
BRDA:68,0,1,551
BRDA:94,0,0,17
BRDA:94,0,1,9
BRDA:115,0,0,9
BRDA:115,0,1,8
BRDA:121,1,0,16
BRDA:121,1,1,8
BRDA:133,0,0,9
BRDA:133,0,1,0
BRDA:155,0,0,0
BRDA:155,0,1,9
BRDA:166,1,0,8
BRDA:166,1,1,8
BRDA:199,9999,0,26
BRDA:199,9999,1,9
BRDA:199,9999,2,19
BRDA:199,9999,3,9
BRDA:199,9999,4,17
BRDA:199,9999,5,17
BRDA:199,9999,6,9
BRDA:199,9999,7,8
BRDA:199,9999,8,9
BRDA:210,0,0,9
BRDA:210,0,1,10
BRDA:256,0,0,15
BRDA:256,0,1,22
BRDA:280,0,0,7
BRDA:280,0,1,8
BRDA:280,1,2,7
BRDA:280,1,3,0
BRDA:285,1,0,16
BRDA:285,1,1,8
BRDA:290,0,0,8
BRDA:290,0,1,0
BRDA:299,0,0,15
BRDA:299,0,1,24
BRDA:305,0,0,16
BRDA:305,0,1,8
BRDA:325,0,0,21
BRDA:325,0,1,7
BRDA:325,1,2,21
BRDA:325,1,3,0
BRDA:334,0,0,9
BRDA:334,0,1,15
BRDA:334,1,2,9
BRDA:334,1,3,0
BRDA:355,9999,0,37
BRDA:355,9999,1,39
BRDA:355,9999,2,28
BRDA:355,9999,3,24
BRDA:355,9999,4,15
BRDA:355,9999,5,15
BRDA:355,9999,6,15
BRDA:355,9999,7,7
BRDA:367,9999,0,21
BRDA:367,9999,1,7
BRDA:409,0,0,9
BRDA:409,0,1,1
BRDA:427,0,0,0
BRDA:427,0,1,17
BRDA:451,9999,0,16
BRDA:451,9999,1,0
BRDA:451,0,2,8
BRDA:451,0,3,8
BRDA:456,0,0,0
BRDA:456,0,1,8
BRDA:456,1,2,-
BRDA:456,1,3,-
BRDA:461,0,0,0
BRDA:461,0,1,8
BRDA:461,1,2,-
BRDA:461,1,3,-
BRDA:470,1,0,8
BRDA:470,1,1,8
BRDA:492,9999,0,10
BRDA:492,9999,1,2
BRDA:492,0,2,1
BRDA:492,0,3,9
BRDA:497,0,0,0
BRDA:497,0,1,9
BRDA:504,1,0,16
BRDA:504,1,1,9
BRDA:509,0,0,1
BRDA:509,0,1,8
BRDA:511,0,0,0
BRDA:511,0,1,1
BRDA:519,0,0,0
BRDA:519,0,1,9
BRDA:527,0,0,8
BRDA:527,0,1,1
BRDA:529,0,0,1
BRDA:529,0,1,8
BRDA:542,0,0,1
BRDA:542,0,1,27
BRDA:549,0,0,53
BRDA:549,0,1,27
BRDA:560,0,0,24
BRDA:560,0,1,8
BRDA:575,0,0,1
BRDA:575,0,1,8
BRDA:582,0,0,16
BRDA:582,0,1,0
BRDA:584,0,0,8
BRDA:584,0,1,8
BRDA:606,9999,0,1
BRDA:606,9999,1,11
BRDA:611,1,0,31
BRDA:611,1,1,3
BRDA:613,0,0,8
BRDA:613,0,1,23
BRDA:635,0,0,1
BRDA:635,0,1,11
BRDA:641,2,0,32
BRDA:641,2,1,11
BRDA:643,2,0,31
BRDA:643,2,1,32
BRDA:645,0,0,8
BRDA:645,0,1,23
BRDA:678,9999,0,10
BRDA:678,9999,1,17
BRDA:678,9999,2,16
BRDA:678,9999,3,12
BRDA:678,9999,4,9
BRDA:678,9999,5,9
BRDA:678,9999,6,9
BRDA:678,9999,7,12
BRDA:678,9999,8,12
BRDA:678,9999,9,9
BRDA:678,9999,10,1
BRDA:697,0,0,1
BRDA:697,0,1,8
BRDA:737,9999,0,17
BRDA:737,9999,1,15
BRDA:737,9999,2,9
BRDA:737,9999,3,0
BRDA:737,9999,4,8
BRF:139
BRH:120
DA:64,626
DA:67,666
DA:68,591
DA:69,40
DA:70,40
DA:72,551
DA:75,75
DA:80,17
DA:82,17
DA:83,17
DA:86,9
DA:88,9
DA:89,9
DA:92,26
DA:94,26
DA:96,17
DA:97,17
DA:98,17
DA:102,9
DA:103,9
DA:104,9
DA:105,9
DA:107,26
DA:108,26
DA:111,17
DA:113,17
DA:115,17
DA:117,9
DA:118,9
DA:121,24
DA:123,16
DA:124,16
DA:129,9
DA:131,9
DA:133,9
DA:135,9
DA:136,9
DA:139,0
DA:140,0
DA:141,0
DA:142,0
DA:143,0
DA:147,10
DA:149,10
DA:153,9
DA:155,9
DA:156,0
DA:158,9
DA:159,9
DA:162,8
DA:164,8
DA:166,16
DA:168,8
DA:169,8
DA:170,8
DA:171,8
DA:173,8
DA:174,8
DA:176,8
DA:177,8
DA:178,8
DA:180,17
DA:183,17
DA:184,17
DA:185,17
DA:186,17
DA:187,17
DA:188,17
DA:189,17
DA:190,17
DA:192,17
DA:196,123
DA:197,123
DA:199,123
DA:202,26
DA:203,26
DA:204,26
DA:205,26
DA:207,9
DA:208,9
DA:210,19
DA:211,9
DA:214,10
DA:215,10
DA:217,19
DA:219,9
DA:220,9
DA:222,17
DA:224,17
DA:225,17
DA:227,9
DA:228,9
DA:230,8
DA:231,8
DA:233,9
DA:234,9
DA:236,106
DA:242,15
DA:244,15
DA:245,15
DA:248,15
DA:250,15
DA:251,15
DA:254,37
DA:256,37
DA:258,15
DA:259,15
DA:260,15
DA:261,15
DA:265,22
DA:266,22
DA:267,22
DA:268,22
DA:270,22
DA:272,37
DA:273,37
DA:276,15
DA:278,15
DA:280,15
DA:282,7
DA:283,7
DA:285,24
DA:287,16
DA:288,16
DA:290,8
DA:291,8
DA:295,39
DA:297,39
DA:299,39
DA:301,15
DA:302,15
DA:305,24
DA:307,16
DA:308,16
DA:309,16
DA:310,16
DA:314,8
DA:315,8
DA:316,8
DA:317,8
DA:319,24
DA:323,28
DA:325,28
DA:326,21
DA:328,7
DA:332,24
DA:334,24
DA:335,9
DA:337,15
DA:338,24
DA:340,15
DA:343,15
DA:344,15
DA:345,15
DA:346,15
DA:347,15
DA:348,15
DA:349,15
DA:350,15
DA:353,180
DA:354,180
DA:355,180
DA:358,37
DA:359,37
DA:360,37
DA:361,37
DA:363,39
DA:364,39
DA:366,28
DA:367,28
DA:368,21
DA:370,7
DA:371,28
DA:373,24
DA:374,24
DA:376,15
DA:378,15
DA:379,15
DA:381,15
DA:382,15
DA:384,7
DA:385,7
DA:387,165
DA:393,35
DA:397,35
DA:398,35
DA:399,35
DA:400,35
DA:401,35
DA:402,35
DA:403,35
DA:404,35
DA:407,10
DA:409,10
DA:411,9
DA:412,9
DA:413,9
DA:417,1
DA:418,1
DA:419,1
DA:420,1
DA:422,10
DA:425,17
DA:427,17
DA:429,0
DA:430,0
DA:431,0
DA:435,17
DA:436,17
DA:437,17
DA:438,17
DA:440,17
DA:443,16
DA:445,16
DA:447,16
DA:448,16
DA:449,16
DA:451,16
DA:453,8
DA:454,8
DA:456,8
DA:458,0
DA:459,0
DA:461,8
DA:463,0
DA:464,0
DA:465,0
DA:466,0
DA:470,16
DA:472,8
DA:473,8
DA:475,8
DA:476,8
DA:477,8
DA:478,8
DA:479,8
DA:484,12
DA:486,12
DA:488,12
DA:489,12
DA:490,12
DA:492,12
DA:494,3
DA:495,3
DA:497,9
DA:499,0
DA:500,0
DA:504,25
DA:506,16
DA:507,16
DA:509,9
DA:511,1
DA:513,0
DA:514,0
DA:515,0
DA:516,0
DA:519,9
DA:521,0
DA:522,0
DA:523,0
DA:524,0
DA:526,9
DA:527,9
DA:528,8
DA:529,9
DA:530,1
DA:531,9
DA:532,9
DA:534,9
DA:538,28
DA:540,28
DA:542,28
DA:544,1
DA:545,1
DA:547,27
DA:549,80
DA:551,53
DA:552,53
DA:554,27
DA:558,32
DA:560,32
DA:562,24
DA:563,24
DA:564,24
DA:565,24
DA:567,32
DA:570,9
DA:572,9
DA:573,9
DA:575,9
DA:577,1
DA:578,1
DA:580,8
DA:581,8
DA:582,16
DA:584,16
DA:586,8
DA:587,8
DA:590,8
DA:591,8
DA:593,0
DA:597,12
DA:601,12
DA:602,12
DA:603,12
DA:604,12
DA:605,12
DA:606,12
DA:608,1
DA:609,1
DA:611,34
DA:613,31
DA:616,8
DA:617,8
DA:618,8
DA:621,23
DA:624,3
DA:628,12
DA:632,12
DA:633,12
DA:635,12
DA:637,1
DA:638,1
DA:641,43
DA:643,63
DA:645,31
DA:647,8
DA:648,8
DA:649,8
DA:653,11
DA:656,9
DA:660,9
DA:661,9
DA:663,9
DA:664,9
DA:665,9
DA:666,9
DA:667,9
DA:668,9
DA:669,9
DA:670,9
DA:671,9
DA:672,9
DA:676,116
DA:677,116
DA:678,116
DA:681,10
DA:682,10
DA:684,17
DA:685,17
DA:687,16
DA:688,16
DA:690,12
DA:691,12
DA:693,9
DA:694,9
DA:696,9
DA:697,9
DA:698,1
DA:701,8
DA:702,8
DA:704,9
DA:706,9
DA:707,9
DA:709,12
DA:710,12
DA:712,12
DA:713,12
DA:715,9
DA:717,1
DA:719,107
DA:725,41
DA:727,41
DA:728,41
DA:729,41
DA:730,41
DA:734,49
DA:735,49
DA:737,49
DA:740,17
DA:741,0
DA:743,15
DA:744,0
DA:746,9
DA:747,0
DA:749,0
DA:751,8
DA:752,8
DA:754,8
LF:389
LH:359
end_of_record
