TN:clic
SF:/home/peter/TopSin/clic-2/pstack.c
FN:5,pstack_create
FN:25,pstack_delete
FN:34,pstack_push
FN:46,pstack_pop
FN:61,pstack_empty
FN:68,pstack_full
FN:75,pstack_peek
FN:84,pstack_clear
FN:89,pstack_print
FNDA:1,pstack_create
FNDA:1,pstack_delete
FNDA:3017,pstack_push
FNDA:2501,pstack_pop
FNDA:4801,pstack_empty
FNDA:1680,pstack_full
FNDA:197,pstack_peek
FNDA:4306,pstack_clear
FNDA:0,pstack_print
FNF:9
FNH:8
BRDA:10,0,0,0
BRDA:10,0,1,1
BRDA:16,0,0,0
BRDA:16,0,1,1
BRDA:27,0,0,0
BRDA:27,0,1,1
BRDA:36,0,0,0
BRDA:36,0,1,3017
BRDA:38,0,0,0
BRDA:38,0,1,3017
BRDA:50,0,0,0
BRDA:50,0,1,2501
BRDA:53,0,0,0
BRDA:53,0,1,2501
BRDA:63,0,0,0
BRDA:63,0,1,4801
BRDA:70,0,0,0
BRDA:70,0,1,1680
BRDA:77,0,0,0
BRDA:77,0,1,197
BRDA:79,0,0,0
BRDA:79,0,1,197
BRDA:93,0,0,-
BRDA:93,0,1,-
BRDA:93,1,2,-
BRDA:93,1,3,-
BRDA:96,1,0,-
BRDA:96,1,1,-
BRF:28
BRH:11
DA:5,1
DA:9,1
DA:10,1
DA:11,0
DA:13,1
DA:14,1
DA:16,1
DA:17,0
DA:18,0
DA:21,1
DA:22,1
DA:25,1
DA:27,1
DA:28,0
DA:30,1
DA:31,1
DA:34,3017
DA:36,3017
DA:38,3017
DA:39,0
DA:41,3017
DA:42,3017
DA:43,3017
DA:46,2501
DA:50,2501
DA:51,0
DA:53,2501
DA:54,0
DA:56,2501
DA:57,2501
DA:58,2501
DA:61,4801
DA:63,4801
DA:64,0
DA:65,4801
DA:68,1680
DA:70,1680
DA:71,0
DA:72,1680
DA:75,197
DA:77,197
DA:78,0
DA:79,197
DA:80,0
DA:81,197
DA:84,4306
DA:86,4306
DA:87,4306
DA:89,0
DA:93,0
DA:94,0
DA:96,0
DA:97,0
LF:53
LH:37
end_of_record
TN:clic
SF:/home/peter/TopSin/clic-2/parser.c
FN:92,check_item_name
FN:102,check_item_val
FN:109,check_item_addr
FN:116,find_item_by_name
FN:124,find_item_by_val
FN:133,find_item_by_addr
FN:141,const_exists_by_val
FN:152,delete_expr_item
FN:168,p_add
FN:173,p_sub
FN:178,p_mul
FN:183,p_div
FN:188,p_pow
FN:193,p_neg
FN:198,p_nul
FN:203,parser_error
FN:210,parser_errorstr
FN:217,parser_create
FN:407,parser_create_var
FN:495,parser_addconst
FN:516,print_item
FN:533,parser_print_varlist
FN:538,parser_print_funclist
FN:543,parser_print_constlist
FN:548,print_expr_item
FN:559,parser_print_expr_infix
FN:570,parser_print_expr_postfix
FN:581,print_stack_item
FN:586,print_stack
FN:593,parser_create_func_nocheck
FN:621,parser_create_func
FN:707,priority
FN:732,find_item
FN:747,valid_const
FN:766,parser_create_expr
FN:1042,valid_expr
FN:1097,parser_eval_expr
FN:1154,delete_expr
FN:1166,parser_delete
FNDA:686069,check_item_name
FNDA:13509,check_item_val
FNDA:0,check_item_addr
FNDA:3605,find_item_by_name
FNDA:1193,find_item_by_val
FNDA:0,find_item_by_addr
FNDA:0,const_exists_by_val
FNDA:1180,delete_expr_item
FNDA:2,p_add
FNDA:3,p_sub
FNDA:2,p_mul
FNDA:6,p_div
FNDA:1,p_pow
FNDA:6,p_neg
FNDA:2,p_nul
FNDA:0,parser_error
FNDA:14,parser_errorstr
FNDA:1,parser_create
FNDA:1031,parser_create_var
FNDA:128,parser_addconst
FNDA:32,print_item
FNDA:1,parser_print_varlist
FNDA:1,parser_print_funclist
FNDA:1,parser_print_constlist
FNDA:0,print_expr_item
FNDA:0,parser_print_expr_infix
FNDA:0,parser_print_expr_postfix
FNDA:0,print_stack_item
FNDA:0,print_stack
FNDA:26,parser_create_func_nocheck
FNDA:0,parser_create_func
FNDA:197,priority
FNDA:256,find_item
FNDA:1194,valid_const
FNDA:1081,parser_create_expr
FNDA:1074,valid_expr
FNDA:1071,parser_eval_expr
FNDA:1071,delete_expr
FNDA:1,parser_delete
FNF:39
FNH:29
BRDA:144,2,0,-
BRDA:144,2,1,-
BRDA:146,0,0,-
BRDA:146,0,1,-
BRDA:155,0,0,128
BRDA:155,0,1,1052
BRDA:205,0,0,-
BRDA:205,0,1,-
BRDA:212,0,0,0
BRDA:212,0,1,14
BRDA:228,0,0,0
BRDA:228,0,1,1
BRDA:246,0,0,0
BRDA:246,0,1,1
BRDA:253,9999,0,0
BRDA:253,9999,1,1
BRDA:259,9999,0,0
BRDA:259,9999,1,1
BRDA:265,9999,0,0
BRDA:265,9999,1,1
BRDA:271,0,0,0
BRDA:271,0,1,1
BRDA:277,0,0,0
BRDA:277,0,1,1
BRDA:283,0,0,0
BRDA:283,0,1,1
BRDA:289,2,0,128
BRDA:289,2,1,1
BRDA:294,9999,0,0
BRDA:294,9999,1,1
BRDA:300,9999,0,0
BRDA:300,9999,1,1
BRDA:307,0,1,0
BRDA:307,0,2,1
BRDA:314,0,1,0
BRDA:314,0,2,1
BRDA:321,0,1,0
BRDA:321,0,2,1
BRDA:326,0,1,0
BRDA:326,0,2,1
BRDA:331,0,1,0
BRDA:331,0,2,1
BRDA:336,0,1,0
BRDA:336,0,2,1
BRDA:341,0,1,0
BRDA:341,0,2,1
BRDA:346,0,1,0
BRDA:346,0,2,1
BRDA:351,0,1,0
BRDA:351,0,2,1
BRDA:356,0,1,0
BRDA:356,0,2,1
BRDA:361,0,1,0
BRDA:361,0,2,1
BRDA:368,9999,0,0
BRDA:368,9999,1,1
BRDA:371,2,0,17
BRDA:371,2,1,1
BRDA:373,9999,1,17
BRDA:373,9999,2,0
BRDA:383,0,0,-
BRDA:383,0,1,-
BRDA:385,0,0,-
BRDA:385,0,1,-
BRDA:387,0,0,-
BRDA:387,0,1,-
BRDA:389,0,0,-
BRDA:389,0,1,-
BRDA:393,0,0,-
BRDA:393,0,1,-
BRDA:395,0,0,-
BRDA:395,0,1,-
BRDA:397,0,0,-
BRDA:397,0,1,-
BRDA:400,0,0,-
BRDA:400,0,1,-
BRDA:414,0,0,0
BRDA:414,0,1,1031
BRDA:420,0,0,1031
BRDA:420,0,1,0
BRDA:420,1,3,1
BRDA:420,1,4,1030
BRDA:425,2,0,2999
BRDA:425,2,1,1029
BRDA:426,0,0,2998
BRDA:426,0,1,1
BRDA:426,1,3,0
BRDA:426,1,4,2998
BRDA:426,2,5,1
BRDA:426,2,6,0
BRDA:434,9999,0,2
BRDA:434,9999,1,1027
BRDA:436,0,0,1
BRDA:436,0,1,1
BRDA:451,9999,0,0
BRDA:451,9999,1,1027
BRDA:462,9999,0,1
BRDA:462,9999,1,1026
BRDA:473,0,0,0
BRDA:473,0,1,1026
BRDA:484,0,1,0
BRDA:484,0,2,1026
BRDA:500,0,0,0
BRDA:500,0,1,128
BRDA:508,0,1,0
BRDA:508,0,2,128
BRDA:520,9999,0,6
BRDA:520,9999,1,26
BRDA:522,9999,0,3
BRDA:522,9999,1,3
BRDA:551,0,0,-
BRDA:551,0,1,-
BRDA:562,0,1,-
BRDA:562,0,2,-
BRDA:573,0,1,-
BRDA:573,0,2,-
BRDA:601,9999,0,0
BRDA:601,9999,1,26
BRDA:606,0,0,0
BRDA:606,0,1,26
BRDA:613,0,1,0
BRDA:613,0,2,26
BRDA:627,0,0,-
BRDA:627,0,1,-
BRDA:633,0,0,-
BRDA:633,0,1,-
BRDA:633,1,3,-
BRDA:633,1,4,-
BRDA:638,2,0,-
BRDA:638,2,1,-
BRDA:639,0,0,-
BRDA:639,0,1,-
BRDA:639,1,3,-
BRDA:639,1,4,-
BRDA:639,2,5,-
BRDA:639,2,6,-
BRDA:647,9999,0,-
BRDA:647,9999,1,-
BRDA:653,9999,0,-
BRDA:653,9999,1,-
BRDA:659,9999,0,-
BRDA:659,9999,1,-
BRDA:665,0,0,-
BRDA:665,0,1,-
BRDA:675,0,1,-
BRDA:675,0,2,-
BRDA:709,0,0,0
BRDA:709,0,1,197
BRDA:712,0,0,39
BRDA:712,0,1,158
BRDA:715,0,0,158
BRDA:715,0,1,0
BRDA:715,1,2,31
BRDA:715,1,3,127
BRDA:718,0,1,0
BRDA:718,0,2,127
BRDA:721,0,0,0
BRDA:721,0,1,127
BRDA:724,0,0,8
BRDA:724,0,1,119
BRDA:724,1,2,0
BRDA:724,1,3,8
BRDA:724,2,4,119
BRDA:724,2,5,0
BRDA:724,3,6,0
BRDA:724,3,7,119
BRDA:737,9999,0,16
BRDA:737,9999,1,240
BRDA:741,9999,0,236
BRDA:741,9999,1,4
BRDA:754,2,0,1464
BRDA:754,2,1,1193
BRDA:755,0,1,1
BRDA:755,0,2,1463
BRDA:755,1,3,0
BRDA:755,1,4,1
BRDA:756,0,0,0
BRDA:756,0,1,1464
BRDA:758,0,0,0
BRDA:758,0,1,1464
BRDA:760,0,0,1
BRDA:760,0,1,1463
BRDA:783,0,0,0
BRDA:783,0,1,1081
BRDA:785,0,0,0
BRDA:785,0,1,1081
BRDA:791,0,0,0
BRDA:791,0,1,1081
BRDA:798,9999,0,0
BRDA:798,9999,1,1081
BRDA:809,2,0,10387
BRDA:809,2,1,1081
BRDA:810,0,0,17
BRDA:810,0,1,10370
BRDA:816,0,0,0
BRDA:816,0,1,1081
BRDA:823,0,0,0
BRDA:823,0,1,1081
BRDA:831,2,0,10387
BRDA:831,2,1,1081
BRDA:832,0,0,10370
BRDA:832,0,1,17
BRDA:843,1,0,7912
BRDA:843,1,1,1080
BRDA:844,0,0,545
BRDA:844,0,1,7367
BRDA:845,0,1,1
BRDA:845,0,2,544
BRDA:851,0,0,32
BRDA:851,0,1,7879
BRDA:852,0,1,0
BRDA:852,0,2,32
BRDA:860,0,1,0
BRDA:860,0,2,1080
BRDA:877,0,0,1450
BRDA:877,0,1,1074
BRDA:879,0,0,205
BRDA:879,0,1,1245
BRDA:885,0,0,198
BRDA:885,0,1,7
BRDA:885,1,2,124
BRDA:885,1,3,74
BRDA:886,0,0,130
BRDA:886,0,1,1
BRDA:886,1,2,130
BRDA:886,1,3,0
BRDA:886,2,5,5
BRDA:886,2,6,125
BRDA:886,3,7,4
BRDA:886,3,8,1
BRDA:890,0,0,76
BRDA:890,0,1,129
BRDA:891,0,0,4
BRDA:891,0,1,72
BRDA:894,0,0,1
BRDA:894,0,1,75
BRDA:899,0,0,165
BRDA:899,0,1,1080
BRDA:909,0,0,1450
BRDA:909,0,1,0
BRDA:909,1,3,1194
BRDA:909,1,4,256
BRDA:911,0,1,1
BRDA:911,0,2,1193
BRDA:915,0,0,0
BRDA:915,0,1,1193
BRDA:922,9999,0,129
BRDA:922,9999,1,1064
BRDA:924,0,0,0
BRDA:924,0,1,129
BRDA:929,0,0,1
BRDA:929,0,1,128
BRDA:943,9999,0,0
BRDA:943,9999,1,128
BRDA:954,0,0,4
BRDA:954,0,1,1444
BRDA:959,0,0,1208
BRDA:959,0,1,236
BRDA:959,0,2,0
BRDA:959,0,3,0
BRDA:963,0,1,0
BRDA:963,0,2,1208
BRDA:972,0,1,166
BRDA:972,0,2,197
BRDA:975,9999,1,70
BRDA:975,9999,2,127
BRDA:978,9999,1,0
BRDA:978,9999,2,127
BRDA:983,0,0,205
BRDA:983,0,1,31
BRDA:1007,1,1,43
BRDA:1007,1,2,1074
BRDA:1009,9999,1,0
BRDA:1009,9999,2,43
BRDA:1017,9999,0,3
BRDA:1017,9999,1,1071
BRDA:1023,0,1,0
BRDA:1023,0,2,1071
BRDA:1031,0,0,10
BRDA:1031,0,1,0
BRDA:1033,0,0,10
BRDA:1033,0,1,0
BRDA:1035,0,0,10
BRDA:1035,0,1,0
BRDA:1037,0,0,10
BRDA:1037,0,1,0
BRDA:1054,0,0,1138
BRDA:1054,0,1,1071
BRDA:1056,0,0,1087
BRDA:1056,0,1,51
BRDA:1056,0,2,0
BRDA:1056,0,3,0
BRDA:1060,0,1,0
BRDA:1060,0,2,1087
BRDA:1068,1,0,67
BRDA:1068,1,1,48
BRDA:1069,0,1,3
BRDA:1069,0,2,64
BRDA:1074,0,1,0
BRDA:1074,0,2,48
BRDA:1088,0,1,0
BRDA:1088,0,2,1071
BRDA:1091,9999,1,0
BRDA:1091,9999,2,1071
BRDA:1108,0,0,0
BRDA:1108,0,1,1071
BRDA:1110,0,0,0
BRDA:1110,0,1,1071
BRDA:1118,0,0,1133
BRDA:1118,0,1,1071
BRDA:1120,0,0,1085
BRDA:1120,0,1,48
BRDA:1120,0,2,0
BRDA:1120,0,3,0
BRDA:1130,1,0,62
BRDA:1130,1,1,48
BRDA:1134,0,0,26
BRDA:1134,0,1,22
BRF:318
BRH:187
DA:92,686069
DA:94,686069
DA:95,686069
DA:97,686069
DA:99,686069
DA:102,13509
DA:104,13509
DA:105,13509
DA:106,13509
DA:109,0
DA:111,0
DA:112,0
DA:113,0
DA:116,3605
DA:119,3605
DA:121,3605
DA:124,1193
DA:127,1193
DA:128,1193
DA:130,1193
DA:133,0
DA:136,0
DA:138,0
DA:141,0
DA:144,0
DA:145,0
DA:146,0
DA:147,0
DA:149,0
DA:152,1180
DA:154,1180
DA:155,1180
DA:156,128
DA:158,1180
DA:159,1180
DA:168,2
DA:170,2
DA:173,3
DA:175,3
DA:178,2
DA:180,2
DA:183,6
DA:185,6
DA:188,1
DA:190,1
DA:193,6
DA:195,6
DA:198,2
DA:200,2
DA:203,0
DA:205,0
DA:206,0
DA:207,0
DA:210,14
DA:212,14
DA:213,0
DA:214,14
DA:217,1
DA:227,1
DA:228,1
DA:229,0
DA:232,1
DA:233,1
DA:234,1
DA:235,1
DA:236,1
DA:237,1
DA:238,1
DA:239,1
DA:240,1
DA:241,1
DA:242,1
DA:243,1
DA:244,1
DA:246,1
DA:247,0
DA:248,0
DA:250,1
DA:252,1
DA:253,1
DA:254,0
DA:255,0
DA:258,1
DA:259,1
DA:260,0
DA:261,0
DA:264,1
DA:265,1
DA:266,0
DA:267,0
DA:270,1
DA:271,1
DA:272,0
DA:273,0
DA:276,1
DA:277,1
DA:278,0
DA:279,0
DA:282,1
DA:283,1
DA:284,0
DA:285,0
DA:289,129
DA:290,128
DA:293,1
DA:294,1
DA:295,0
DA:296,0
DA:299,1
DA:300,1
DA:301,0
DA:302,0
DA:305,1
DA:307,1
DA:308,0
DA:309,0
DA:311,1
DA:313,1
DA:314,1
DA:315,0
DA:316,0
DA:318,1
DA:321,1
DA:322,0
DA:323,0
DA:326,1
DA:327,0
DA:328,0
DA:331,1
DA:332,0
DA:333,0
DA:336,1
DA:337,0
DA:338,0
DA:341,1
DA:342,0
DA:343,0
DA:346,1
DA:347,0
DA:348,0
DA:351,1
DA:352,0
DA:353,0
DA:356,1
DA:357,0
DA:358,0
DA:361,1
DA:362,0
DA:363,0
DA:367,1
DA:368,1
DA:369,0
DA:371,18
DA:372,17
DA:373,17
DA:374,17
DA:378,1
DA:379,1
DA:383,0
DA:384,0
DA:385,0
DA:386,0
DA:387,0
DA:388,0
DA:389,0
DA:390,0
DA:393,0
DA:394,0
DA:395,0
DA:396,0
DA:397,0
DA:398,0
DA:400,0
DA:401,0
DA:403,0
DA:404,1
DA:407,1031
DA:412,1031
DA:414,1031
DA:415,0
DA:416,1031
DA:418,1031
DA:420,1031
DA:421,1
DA:422,1
DA:425,4028
DA:426,2999
DA:427,1
DA:428,1
DA:433,1029
DA:434,1029
DA:435,2
DA:436,2
DA:437,1
DA:438,1
DA:440,1
DA:450,1027
DA:451,1027
DA:452,0
DA:453,0
DA:454,0
DA:461,1027
DA:462,1027
DA:463,1
DA:464,1
DA:465,1
DA:472,1026
DA:473,1026
DA:474,0
DA:475,0
DA:478,1026
DA:479,1026
DA:480,1026
DA:481,1026
DA:482,1026
DA:484,1026
DA:485,0
DA:486,0
DA:487,0
DA:490,1026
DA:495,128
DA:499,128
DA:500,128
DA:502,128
DA:503,128
DA:504,128
DA:505,128
DA:506,128
DA:508,128
DA:509,0
DA:510,0
DA:513,128
DA:516,32
DA:518,32
DA:519,32
DA:520,32
DA:521,6
DA:522,6
DA:523,3
DA:525,6
DA:528,26
DA:530,32
DA:533,1
DA:535,1
DA:536,1
DA:538,1
DA:540,1
DA:541,1
DA:543,1
DA:545,1
DA:546,1
DA:548,0
DA:550,0
DA:551,0
DA:552,0
DA:554,0
DA:556,0
DA:559,0
DA:562,0
DA:563,0
DA:566,0
DA:567,0
DA:570,0
DA:573,0
DA:574,0
DA:577,0
DA:578,0
DA:581,0
DA:583,0
DA:584,0
DA:586,0
DA:588,0
DA:589,0
DA:590,0
DA:591,0
DA:593,26
DA:599,26
DA:601,26
DA:602,0
DA:605,26
DA:606,26
DA:608,26
DA:609,26
DA:610,26
DA:611,26
DA:613,26
DA:614,0
DA:615,0
DA:618,26
DA:621,0
DA:627,0
DA:628,0
DA:631,0
DA:633,0
DA:634,0
DA:635,0
DA:638,0
DA:639,0
DA:640,0
DA:641,0
DA:646,0
DA:647,0
DA:648,0
DA:652,0
DA:653,0
DA:654,0
DA:655,0
DA:658,0
DA:659,0
DA:660,0
DA:661,0
DA:664,0
DA:665,0
DA:666,0
DA:667,0
DA:670,0
DA:671,0
DA:672,0
DA:673,0
DA:675,0
DA:676,0
DA:677,0
DA:678,0
DA:681,0
DA:707,197
DA:709,197
DA:710,0
DA:712,197
DA:713,39
DA:715,158
DA:716,31
DA:718,127
DA:719,0
DA:721,127
DA:722,0
DA:724,127
DA:725,0
DA:727,127
DA:732,256
DA:736,256
DA:737,256
DA:738,16
DA:740,240
DA:741,240
DA:742,236
DA:744,4
DA:747,1194
DA:753,1194
DA:754,2657
DA:755,1464
DA:756,1464
DA:757,0
DA:758,1464
DA:759,0
DA:760,1464
DA:761,1
DA:763,1194
DA:766,1081
DA:768,1081
DA:769,1081
DA:770,1081
DA:771,1081
DA:775,1081
DA:776,1081
DA:777,1081
DA:778,1081
DA:780,1081
DA:783,1081
DA:784,0
DA:785,1081
DA:786,0
DA:788,1081
DA:790,1081
DA:791,1081
DA:792,0
DA:793,0
DA:796,1081
DA:798,1081
DA:799,0
DA:800,0
DA:805,1081
DA:807,1081
DA:809,11468
DA:810,10387
DA:812,1081
DA:815,1081
DA:816,1081
DA:817,0
DA:818,0
DA:821,1081
DA:822,1081
DA:823,1081
DA:824,0
DA:825,0
DA:828,1081
DA:830,1081
DA:831,11468
DA:832,10387
DA:833,10370
DA:834,10370
DA:841,1081
DA:843,8992
DA:844,7912
DA:845,545
DA:846,1
DA:847,1
DA:849,544
DA:851,7911
DA:852,32
DA:853,0
DA:854,0
DA:856,32
DA:860,1080
DA:861,0
DA:862,0
DA:865,1080
DA:866,1080
DA:873,1080
DA:874,1080
DA:875,1080
DA:877,2524
DA:878,1450
DA:879,1450
DA:881,205
DA:882,205
DA:885,205
DA:886,131
DA:888,205
DA:890,205
DA:891,76
DA:892,4
DA:894,76
DA:895,205
DA:899,1245
DA:900,165
DA:902,1080
DA:903,1080
DA:905,1245
DA:909,2642
DA:911,1194
DA:912,1
DA:913,1
DA:915,1193
DA:916,0
DA:917,0
DA:920,1193
DA:922,1193
DA:923,129
DA:924,129
DA:925,0
DA:926,0
DA:929,129
DA:930,1
DA:931,1
DA:934,128
DA:935,128
DA:936,128
DA:938,128
DA:940,128
DA:941,128
DA:943,128
DA:944,0
DA:945,0
DA:949,1192
DA:951,256
DA:954,1448
DA:955,4
DA:956,4
DA:959,1444
DA:963,1208
DA:964,0
DA:965,0
DA:967,1208
DA:972,363
DA:973,166
DA:974,197
DA:975,197
DA:976,70
DA:977,127
DA:978,127
DA:979,0
DA:980,0
DA:982,127
DA:983,236
DA:988,205
DA:994,31
DA:996,236
DA:1000,0
DA:1001,0
DA:1007,1117
DA:1008,43
DA:1009,43
DA:1010,0
DA:1011,0
DA:1016,1074
DA:1017,1074
DA:1018,3
DA:1019,3
DA:1023,1071
DA:1024,0
DA:1025,0
DA:1027,1071
DA:1031,10
DA:1032,10
DA:1033,10
DA:1034,10
DA:1035,10
DA:1036,10
DA:1037,10
DA:1038,10
DA:1039,1081
DA:1042,1074
DA:1044,1074
DA:1051,1074
DA:1052,1074
DA:1054,2209
DA:1055,1138
DA:1056,1138
DA:1060,1087
DA:1061,0
DA:1063,1087
DA:1064,1087
DA:1067,51
DA:1068,115
DA:1069,67
DA:1070,3
DA:1072,64
DA:1074,48
DA:1075,0
DA:1077,48
DA:1078,48
DA:1081,0
DA:1082,0
DA:1085,1135
DA:1088,1071
DA:1089,0
DA:1090,1071
DA:1091,1071
DA:1092,0
DA:1094,1071
DA:1097,1071
DA:1108,1071
DA:1109,0
DA:1110,1071
DA:1111,0
DA:1113,1071
DA:1114,1071
DA:1116,1071
DA:1118,2204
DA:1119,1133
DA:1120,1133
DA:1125,1085
DA:1126,1085
DA:1129,48
DA:1130,110
DA:1131,62
DA:1132,62
DA:1134,48
DA:1135,26
DA:1136,26
DA:1138,22
DA:1139,22
DA:1141,48
DA:1142,48
DA:1143,48
DA:1146,0
DA:1148,1133
DA:1150,1071
DA:1151,1071
DA:1154,1071
DA:1157,1071
DA:1158,1071
DA:1159,1071
DA:1164,1071
DA:1166,1
DA:1168,1
DA:1169,1
DA:1170,1
DA:1171,1
DA:1173,1
DA:1174,1
DA:1175,1
DA:1176,1
DA:1178,1
DA:1179,1
LF:585
LH:390
end_of_record
TN:clic
SF:/home/peter/TopSin/clic-2/main.c
FN:24,main
FNDA:1,main
FNF:1
FNH:1
BRDA:29,2,0,1024
BRDA:29,2,1,1
BRDA:35,9999,0,0
BRDA:35,9999,1,1
BRDA:48,0,0,1096
BRDA:48,0,1,1
BRDA:51,9999,0,0
BRDA:51,9999,1,1097
BRDA:53,0,0,1
BRDA:53,0,1,1096
BRDA:58,9999,0,7
BRDA:58,9999,1,1089
BRDA:58,0,2,6
BRDA:58,0,3,1
BRDA:59,0,0,1
BRDA:59,0,1,1
BRDA:59,0,2,1
BRDA:59,0,3,1
BRDA:59,0,4,1
BRDA:59,0,5,1
BRDA:82,0,0,1
BRDA:82,0,1,1089
BRDA:90,0,0,1038
BRDA:90,0,1,51
BRDA:98,0,0,7
BRDA:98,0,1,1031
BRDA:102,0,0,1
BRDA:102,0,1,1030
BRDA:113,9999,0,10
BRDA:113,9999,1,1071
BRDA:125,9999,0,1029
BRDA:125,9999,1,42
BRDA:129,9999,0,4
BRDA:129,9999,1,1025
BRDA:134,0,0,1024
BRDA:134,0,1,1
BRF:36
BRH:34
DA:24,1
DA:26,1
DA:29,1025
DA:30,1024
DA:31,1024
DA:34,1
DA:35,1
DA:36,0
DA:37,0
DA:40,1
DA:41,1
DA:48,1097
DA:49,1096
DA:50,1097
DA:51,1097
DA:52,0
DA:53,1097
DA:54,1
DA:55,1096
DA:58,1096
DA:59,6
DA:61,1
DA:63,1
DA:64,1
DA:66,1
DA:67,1
DA:69,1
DA:70,1
DA:72,1
DA:73,1
DA:75,1
DA:76,1
DA:80,1090
DA:81,1090
DA:82,1090
DA:83,1
DA:84,1
DA:87,1089
DA:90,1089
DA:91,1038
DA:92,1038
DA:98,1038
DA:99,7
DA:100,7
DA:102,1031
DA:103,1
DA:104,1
DA:106,1030
DA:107,1030
DA:108,1030
DA:112,1081
DA:113,1081
DA:114,10
DA:115,10
DA:123,1071
DA:125,1071
DA:127,1029
DA:128,1029
DA:129,1029
DA:130,4
DA:131,4
DA:133,1025
DA:134,1025
DA:135,1025
DA:138,1067
DA:139,1096
DA:142,1
DA:143,1
LF:68
LH:65
end_of_record
TN:clic
SF:/home/peter/TopSin/clic-2/list.c
FN:5,list_create
FN:17,list_add
FN:42,list_foreach
FN:54,list_find_first
FN:69,list_find_by_addr
FN:82,list_delete
FNDA:1085,list_create
FNDA:3629,list_add
FNDA:3,list_foreach
FNDA:4798,list_find_first
FNDA:0,list_find_by_addr
FNDA:1085,list_delete
FNF:6
FNH:5
BRDA:9,0,0,0
BRDA:9,0,1,1085
BRDA:21,0,0,0
BRDA:21,0,1,3629
BRDA:25,0,0,0
BRDA:25,0,1,3629
BRDA:31,0,0,1080
BRDA:31,0,1,2549
BRDA:47,1,0,32
BRDA:47,1,1,3
BRDA:48,0,0,32
BRDA:48,0,1,0
BRDA:60,1,0,699578
BRDA:60,1,1,3479
BRDA:62,9999,0,1319
BRDA:62,9999,1,698259
BRDA:66,0,0,1319
BRDA:66,0,1,3479
BRDA:74,1,0,-
BRDA:74,1,1,-
BRDA:75,0,0,-
BRDA:75,0,1,-
BRDA:79,0,0,-
BRDA:79,0,1,-
BRDA:87,1,0,3629
BRDA:87,1,1,1085
BRDA:89,0,0,2251
BRDA:89,0,1,1378
BRDA:89,1,2,2251
BRDA:89,1,3,0
BRF:30
BRH:19
DA:5,1085
DA:8,1085
DA:9,1085
DA:10,0
DA:11,1085
DA:12,1085
DA:13,1085
DA:14,1085
DA:17,3629
DA:21,3629
DA:22,0
DA:24,3629
DA:25,3629
DA:26,0
DA:28,3629
DA:29,3629
DA:31,3629
DA:32,1080
DA:34,2549
DA:37,3629
DA:38,3629
DA:39,3629
DA:42,3
DA:46,3
DA:47,35
DA:48,32
DA:49,32
DA:50,32
DA:52,3
DA:54,4798
DA:57,4798
DA:59,4798
DA:60,703057
DA:61,699578
DA:62,699578
DA:63,1319
DA:64,698259
DA:66,4798
DA:69,0
DA:73,0
DA:74,0
DA:75,0
DA:76,0
DA:77,0
DA:79,0
DA:82,1085
DA:85,1085
DA:87,4714
DA:88,3629
DA:89,3629
DA:90,2251
DA:92,3629
DA:93,3629
DA:96,1085
DA:97,1085
LF:55
LH:45
end_of_record
